<?xml version="1.0" encoding="ISO-8859-1"?>
<attributes>
<attribute>
<srcPos sline="0" eline="0" spos="0" epos="0"/>
<jmpPos sline="0" eline="0" spos="0" epos="0"/>
<text info="Enclosing Class: junit/framework/TestSuite Enclosing Method: warning Sig: (Ljava/lang/String;)Ljunit/framework/Test;" aType="EnclosingMethodTag"/>
<text info="[inner=junit/framework/TestSuite$1, outer=null, name=null,flags=8]" aType="InnerClassTag"/>
<text info="soot.tagkit.InnerClassAttribute@1b0722ef" aType="InnerClassAttribute"/>
</attribute>
</attributes>
