<?xml version="1.0" encoding="ISO-8859-1"?>
<attributes>
<attribute>
<srcPos sline="0" eline="0" spos="0" epos="0"/>
<jmpPos sline="0" eline="0" spos="0" epos="0"/>
<text info="[inner=junit/framework/TestSuite$1, outer=null, name=null,flags=8]" aType="InnerClassTag"/>
<text info="soot.tagkit.InnerClassAttribute@5bf0c0e1" aType="InnerClassAttribute"/>
</attribute>
<attribute>
<srcPos sline="0" eline="0" spos="0" epos="0"/>
<jmpPos sline="4" eline="4" spos="0" epos="0"/>
<text info="Signature: Ljava/util/Vector&lt;Ljunit/framework/Test;&gt;;" aType="SignatureTag"/>
</attribute>
<attribute>
<srcPos sline="0" eline="0" spos="0" epos="0"/>
<jmpPos sline="6" eline="6" spos="0" epos="0"/>
<text info="Signature: (Ljava/lang/Class&lt;*&gt;;Ljava/lang/String;)Ljunit/framework/Test;" aType="SignatureTag"/>
</attribute>
<attribute>
<srcPos sline="0" eline="0" spos="0" epos="0"/>
<jmpPos sline="178" eline="178" spos="0" epos="0"/>
<text info="Signature: (Ljava/lang/Class&lt;*&gt;;)Ljava/lang/reflect/Constructor&lt;*&gt;;" aType="SignatureTag"/>
</attribute>
<attribute>
<srcPos sline="0" eline="0" spos="0" epos="0"/>
<jmpPos sline="269" eline="269" spos="0" epos="0"/>
<text info="Signature: (Ljava/lang/Class&lt;*&gt;;)V" aType="SignatureTag"/>
</attribute>
<attribute>
<srcPos sline="0" eline="0" spos="0" epos="0"/>
<jmpPos sline="292" eline="292" spos="0" epos="0"/>
<text info="Signature: (Ljava/lang/Class&lt;*&gt;;)V" aType="SignatureTag"/>
</attribute>
<attribute>
<srcPos sline="0" eline="0" spos="0" epos="0"/>
<jmpPos sline="438" eline="438" spos="0" epos="0"/>
<text info="Signature: (Ljava/lang/Class&lt;+Ljunit/framework/TestCase;&gt;;Ljava/lang/String;)V" aType="SignatureTag"/>
</attribute>
<attribute>
<srcPos sline="0" eline="0" spos="0" epos="0"/>
<jmpPos sline="480" eline="480" spos="0" epos="0"/>
<text info="Signature: ([Ljava/lang/Class&lt;*&gt;;)V" aType="SignatureTag"/>
</attribute>
<attribute>
<srcPos sline="0" eline="0" spos="0" epos="0"/>
<jmpPos sline="524" eline="524" spos="0" epos="0"/>
<text info="Signature: (Ljava/lang/Class&lt;*&gt;;)Ljunit/framework/Test;" aType="SignatureTag"/>
</attribute>
<attribute>
<srcPos sline="0" eline="0" spos="0" epos="0"/>
<jmpPos sline="569" eline="569" spos="0" epos="0"/>
<text info="Signature: ([Ljava/lang/Class&lt;+Ljunit/framework/TestCase;&gt;;Ljava/lang/String;)V" aType="SignatureTag"/>
</attribute>
<attribute>
<srcPos sline="0" eline="0" spos="0" epos="0"/>
<jmpPos sline="605" eline="605" spos="0" epos="0"/>
<text info="Signature: (Ljava/lang/Class&lt;+Ljunit/framework/TestCase;&gt;;)V" aType="SignatureTag"/>
</attribute>
<attribute>
<srcPos sline="0" eline="0" spos="0" epos="0"/>
<jmpPos sline="781" eline="781" spos="0" epos="0"/>
<text info="Signature: ()Ljava/util/Enumeration&lt;Ljunit/framework/Test;&gt;;" aType="SignatureTag"/>
</attribute>
<attribute>
<srcPos sline="0" eline="0" spos="0" epos="0"/>
<jmpPos sline="817" eline="817" spos="0" epos="0"/>
<text info="Signature: (Ljava/lang/reflect/Method;Ljava/util/List&lt;Ljava/lang/String;&gt;;Ljava/lang/Class&lt;*&gt;;)V" aType="SignatureTag"/>
</attribute>
</attributes>
