<?xml version="1.0" encoding="ISO-8859-1"?>
<attributes>
<attribute>
<srcPos sline="0" eline="0" spos="0" epos="0"/>
<jmpPos sline="0" eline="0" spos="0" epos="0"/>
<text info="[inner=junit/extensions/ActiveTestSuite$1, outer=null, name=null,flags=0]" aType="InnerClassTag"/>
<text info="soot.tagkit.InnerClassAttribute@117f84c9" aType="InnerClassAttribute"/>
</attribute>
<attribute>
<srcPos sline="0" eline="0" spos="0" epos="0"/>
<jmpPos sline="16" eline="16" spos="0" epos="0"/>
<text info="Signature: (Ljava/lang/Class&lt;+Ljunit/framework/TestCase;&gt;;)V" aType="SignatureTag"/>
</attribute>
<attribute>
<srcPos sline="0" eline="0" spos="0" epos="0"/>
<jmpPos sline="30" eline="30" spos="0" epos="0"/>
<text info="Signature: (Ljava/lang/Class&lt;+Ljunit/framework/TestCase;&gt;;Ljava/lang/String;)V" aType="SignatureTag"/>
</attribute>
</attributes>
