<?xml version="1.0" encoding="ISO-8859-1"?>
<attributes>
<attribute>
<srcPos sline="0" eline="0" spos="0" epos="0"/>
<jmpPos sline="0" eline="0" spos="0" epos="0"/>
<text info="Enclosing Class: junit/extensions/TestSetup Enclosing Method: run Sig: (Ljunit/framework/TestResult;)V" aType="EnclosingMethodTag"/>
<text info="[inner=junit/extensions/TestSetup$1, outer=null, name=null,flags=0]" aType="InnerClassTag"/>
<text info="soot.tagkit.InnerClassAttribute@7176cc6b" aType="InnerClassAttribute"/>
</attribute>
</attributes>
