<?xml version="1.0" encoding="ISO-8859-1"?>
<attributes>
<attribute>
<srcPos sline="0" eline="0" spos="0" epos="0"/>
<jmpPos sline="0" eline="0" spos="0" epos="0"/>
<text info="[inner=junit/framework/TestSuite$1, outer=null, name=null,flags=24]" aType="InnerClassTag"/>
<text info="soot.tagkit.InnerClassAttribute@38950875" aType="InnerClassAttribute"/>
</attribute>
<attribute>
<srcPos sline="0" eline="0" spos="0" epos="0"/>
<jmpPos sline="4" eline="4" spos="0" epos="0"/>
<text info="Signature: Ljava/util/Vector&lt;Ljunit/framework/Test;&gt;;" aType="SignatureTag"/>
</attribute>
<attribute>
<srcPos sline="0" eline="0" spos="0" epos="0"/>
<jmpPos sline="24" eline="24" spos="0" epos="0"/>
<text info="Signature: (Ljava/lang/Class&lt;*&gt;;)V" aType="SignatureTag"/>
</attribute>
<attribute>
<srcPos sline="0" eline="0" spos="0" epos="0"/>
<jmpPos sline="47" eline="47" spos="0" epos="0"/>
<text info="Signature: (Ljava/lang/Class&lt;+Ljunit/framework/TestCase;&gt;;Ljava/lang/String;)V" aType="SignatureTag"/>
</attribute>
<attribute>
<srcPos sline="0" eline="0" spos="0" epos="0"/>
<jmpPos sline="89" eline="89" spos="0" epos="0"/>
<text info="Signature: ([Ljava/lang/Class&lt;*&gt;;)V" aType="SignatureTag"/>
</attribute>
<attribute>
<srcPos sline="0" eline="0" spos="0" epos="0"/>
<jmpPos sline="131" eline="131" spos="0" epos="0"/>
<text info="Signature: ([Ljava/lang/Class&lt;+Ljunit/framework/TestCase;&gt;;Ljava/lang/String;)V" aType="SignatureTag"/>
</attribute>
<attribute>
<srcPos sline="0" eline="0" spos="0" epos="0"/>
<jmpPos sline="150" eline="150" spos="0" epos="0"/>
<text info="Signature: (Ljava/lang/reflect/Method;Ljava/util/List&lt;Ljava/lang/String;&gt;;Ljava/lang/Class&lt;*&gt;;)V" aType="SignatureTag"/>
</attribute>
<attribute>
<srcPos sline="0" eline="0" spos="0" epos="0"/>
<jmpPos sline="223" eline="223" spos="0" epos="0"/>
<text info="Signature: (Ljava/lang/Class&lt;*&gt;;)V" aType="SignatureTag"/>
</attribute>
<attribute>
<srcPos sline="0" eline="0" spos="0" epos="0"/>
<jmpPos sline="366" eline="366" spos="0" epos="0"/>
<text info="Signature: (Ljava/lang/Class&lt;*&gt;;Ljava/lang/String;)Ljunit/framework/Test;" aType="SignatureTag"/>
</attribute>
<attribute>
<srcPos sline="0" eline="0" spos="0" epos="0"/>
<jmpPos sline="569" eline="569" spos="0" epos="0"/>
<text info="Signature: (Ljava/lang/Class&lt;*&gt;;)Ljava/lang/reflect/Constructor&lt;*&gt;;" aType="SignatureTag"/>
</attribute>
<attribute>
<srcPos sline="0" eline="0" spos="0" epos="0"/>
<jmpPos sline="667" eline="667" spos="0" epos="0"/>
<text info="Signature: (Ljava/lang/Class&lt;*&gt;;)Ljunit/framework/Test;" aType="SignatureTag"/>
</attribute>
<attribute>
<srcPos sline="0" eline="0" spos="0" epos="0"/>
<jmpPos sline="743" eline="743" spos="0" epos="0"/>
<text info="Signature: (Ljava/lang/Class&lt;+Ljunit/framework/TestCase;&gt;;)V" aType="SignatureTag"/>
</attribute>
<attribute>
<srcPos sline="0" eline="0" spos="0" epos="0"/>
<jmpPos sline="917" eline="917" spos="0" epos="0"/>
<text info="Signature: ()Ljava/util/Enumeration&lt;Ljunit/framework/Test;&gt;;" aType="SignatureTag"/>
</attribute>
</attributes>
