<?xml version="1.0" encoding="ISO-8859-1"?>
<attributes>
<attribute>
<srcPos sline="0" eline="0" spos="0" epos="0"/>
<jmpPos sline="227" eline="227" spos="0" epos="0"/>
<text info="Signature: (Ljava/util/Enumeration&lt;Ljunit/framework/TestFailure;&gt;;ILjava/lang/String;)V" aType="SignatureTag"/>
</attribute>
</attributes>
