<?xml version="1.0" encoding="ISO-8859-1"?>
<attributes>
<attribute>
<srcPos sline="0" eline="0" spos="0" epos="0"/>
<jmpPos sline="0" eline="0" spos="0" epos="0"/>
<text info="[inner=junit/runner/Sorter$Swapper, outer=junit/runner/Sorter, name=Swapper,flags=1545]" aType="InnerClassTag"/>
<text info="soot.tagkit.InnerClassAttribute@4cdf9844" aType="InnerClassAttribute"/>
</attribute>
</attributes>
