<?xml version="1.0" encoding="ISO-8859-1"?>
<attributes>
<attribute>
<srcPos sline="0" eline="0" spos="0" epos="0"/>
<jmpPos sline="3" eline="3" spos="0" epos="0"/>
<text info="ConstantValue: suite" aType="StringConstantValueTag"/>
</attribute>
<attribute>
<srcPos sline="0" eline="0" spos="0" epos="0"/>
<jmpPos sline="822" eline="822" spos="0" epos="0"/>
<text info="Signature: (Ljava/lang/String;)Ljava/lang/Class&lt;*&gt;;" aType="SignatureTag"/>
</attribute>
</attributes>
